<?xml version="1.0" encoding="UTF-8"?>
<!-- Generated by org.testng.reporters.JUnitXMLReporter -->
<testsuite ignored="0" hostname="DESKTOP-4FG52A2" failures="0" tests="5" name="Default test" time="20.691" errors="0" timestamp="2023-03-26T17:51:38 CEST">
  <testcase classname="etherscandemo.main" name="emptyClick" time="0.46"/>
  <testcase classname="etherscandemo.main" name="invalidEmail" time="0.412"/>
  <testcase classname="etherscandemo.main" name="invalidUsername" time="0.374"/>
  <testcase classname="etherscandemo.main" name="validEmail" time="0.442"/>
  <testcase classname="etherscandemo.main" name="validUsername" time="0.387"/>
</testsuite> <!-- Default test -->
