<?xml version="1.0" encoding="UTF-8"?>
<!-- Generated by org.testng.reporters.JUnitXMLReporter -->
<testsuite ignored="0" hostname="DESKTOP-4FG52A2" failures="0" tests="13" name="Default test" time="131.924" errors="0" timestamp="2023-03-31T11:32:38 CEST">
  <testcase classname="etherscandemo.main" name="emptyClick" time="0.268"/>
  <testcase classname="etherscandemo.main" name="fullLogin" time="27.756"/>
  <testcase classname="etherscandemo.main" name="fullLoginFalseEmail" time="26.212"/>
  <testcase classname="etherscandemo.main" name="fullLoginWithoutCaptcha" time="2.219"/>
  <testcase classname="etherscandemo.main" name="invalidEmail" time="0.199"/>
  <testcase classname="etherscandemo.main" name="invalidEmailWithConfirmation" time="0.343"/>
  <testcase classname="etherscandemo.main" name="nonAlphanumericUsername" time="0.245"/>
  <testcase classname="etherscandemo.main" name="registrationWithExistingUsername" time="28.331"/>
  <testcase classname="etherscandemo.main" name="shortPassword" time="0.336"/>
  <testcase classname="etherscandemo.main" name="shortUsername" time="0.123"/>
  <testcase classname="etherscandemo.main" name="validEmail" time="0.207"/>
  <testcase classname="etherscandemo.main" name="validUsername" time="0.226"/>
  <testcase classname="etherscandemo.main" name="wrongPasswordConfirmation" time="0.442"/>
</testsuite> <!-- Default test -->
