<?xml version="1.0" encoding="UTF-8"?>
<!-- Generated by org.testng.reporters.JUnitXMLReporter -->
<testsuite ignored="0" hostname="DESKTOP-4FG52A2" failures="0" tests="13" name="Default test" time="131.561" errors="0" timestamp="2023-03-30T14:07:32 CEST">
  <testcase classname="etherscandemo.main" name="emptyClick" time="0.245"/>
  <testcase classname="etherscandemo.main" name="fullLogin" time="28.441"/>
  <testcase classname="etherscandemo.main" name="fullLoginFalseEmail" time="26.131"/>
  <testcase classname="etherscandemo.main" name="fullLoginWithoutCaptcha" time="1.463"/>
  <testcase classname="etherscandemo.main" name="invalidEmail" time="0.209"/>
  <testcase classname="etherscandemo.main" name="invalidEmailWithConfirmation" time="0.363"/>
  <testcase classname="etherscandemo.main" name="nonAlphanumericUsername" time="0.236"/>
  <testcase classname="etherscandemo.main" name="registrationWithExistingUsername" time="28.503"/>
  <testcase classname="etherscandemo.main" name="shortPassword" time="0.413"/>
  <testcase classname="etherscandemo.main" name="shortUsername" time="0.23"/>
  <testcase classname="etherscandemo.main" name="validEmail" time="0.216"/>
  <testcase classname="etherscandemo.main" name="validUsername" time="0.226"/>
  <testcase classname="etherscandemo.main" name="wrongPasswordConfirmation" time="0.408"/>
</testsuite> <!-- Default test -->
