<?xml version="1.0" encoding="UTF-8"?>
<testng-results ignored="0" total="1" passed="1" failed="0" skipped="0">
  <reporter-output>
  </reporter-output>
  <suite started-at="2023-03-27T17:26:38 CEST" name="Default suite" finished-at="2023-03-27T17:26:44 CEST" duration-ms="6000">
    <groups>
    </groups>
    <test started-at="2023-03-27T17:26:38 CEST" name="Default test" finished-at="2023-03-27T17:26:44 CEST" duration-ms="6000">
      <class name="etherscandemo.main">
        <test-method is-config="true" signature="beforeMethod()[pri:0, instance:etherscandemo.main@55b7a4e0]" started-at="2023-03-27T17:26:38 CEST" name="beforeMethod" finished-at="2023-03-27T17:26:43 CEST" duration-ms="4093" status="PASS">
          <reporter-output>
          </reporter-output>
        </test-method> <!-- beforeMethod -->
        <test-method signature="fullLogin()[pri:0, instance:etherscandemo.main@55b7a4e0]" started-at="2023-03-27T17:26:43 CEST" name="fullLogin" finished-at="2023-03-27T17:26:44 CEST" duration-ms="1858" status="PASS">
          <reporter-output>
          </reporter-output>
        </test-method> <!-- fullLogin -->
      </class> <!-- etherscandemo.main -->
    </test> <!-- Default test -->
  </suite> <!-- Default suite -->
</testng-results>
